Using pre-set license
Built from '2020.2/release' branch; Version is '2020.2.0f1 (3721df5a8b28) revision 3613151'; Using compiler version '192528614'; Build Type 'Release'
OS: 'Windows 7  (6.1.0) 64bit' Language: 'en' Physical Memory: 16329 MB
BatchMode: 1, IsHumanControllingUs: 0, StartBugReporterOnCrash: 0, Is64bit: 1, IsPro: 0

 COMMAND LINE ARGUMENTS:
C:\Program Files\Unity\Hub\Editor\2020.2.0f1\Editor\Unity.exe
-adb2
-batchMode
-noUpm
-name
AssetImportWorker0
-projectPath
D:/Unity Projects/FPS-Prototype-Unity
-logFile
Logs/AssetImportWorker0.log
-srvPort
63132
Successfully changed project path to: D:/Unity Projects/FPS-Prototype-Unity
D:/Unity Projects/FPS-Prototype-Unity
Using Asset Import Pipeline V2.
Refreshing native plugins compatible for Editor in 45.37 ms, found 0 plugins.
Preloading 0 native plugins for Editor in 0.00 ms.
Initialize engine version: 2020.2.0f1 (3721df5a8b28)
[Subsystems] Discovering subsystems at path C:/Program Files/Unity/Hub/Editor/2020.2.0f1/Editor/Data/Resources/UnitySubsystems
[Subsystems] Discovering subsystems at path D:/Unity Projects/FPS-Prototype-Unity/Assets
GfxDevice: creating device client; threaded=0
d3d11: CreateDXGIFactory2(...) not found, fallbacking to CreateDXGIFactory1(...).
d3d11: QueryInterface(IDXGIFactory5) failed (80004002).
Direct3D:
    Version:  Direct3D 11.0 [level 11.0]
    Renderer: NVIDIA GeForce GTX 970 (ID=0x13c2)
    Vendor:   
    VRAM:     3992 MB
    Driver:   26.21.14.4614
Initialize mono
Mono path[0] = 'C:/Program Files/Unity/Hub/Editor/2020.2.0f1/Editor/Data/Managed'
Mono path[1] = 'C:/Program Files/Unity/Hub/Editor/2020.2.0f1/Editor/Data/MonoBleedingEdge/lib/mono/unityjit'
Mono config path = 'C:/Program Files/Unity/Hub/Editor/2020.2.0f1/Editor/Data/MonoBleedingEdge/etc'
Using monoOptions --debugger-agent=transport=dt_socket,embedding=1,server=y,suspend=n,address=127.0.0.1:56760
Begin MonoManager ReloadAssembly
Registering precompiled unity dll's ...
Register platform support module: C:/Program Files/Unity/Hub/Editor/2020.2.0f1/Editor/Data/PlaybackEngines/WindowsStandaloneSupport/UnityEditor.WindowsStandalone.Extensions.dll
Registered in 0.000744 seconds.
Native extension for WindowsStandalone target not found
Refreshing native plugins compatible for Editor in 47.45 ms, found 0 plugins.
Preloading 0 native plugins for Editor in 0.00 ms.
Invoked RoslynAnalysisRunner static constructor.
RoslynAnalysisRunner will not be running.
RoslynAnalysisRunner has terminated.
Mono: successfully reloaded assembly
- Completed reload, in  0.707 seconds
Platform modules already initialized, skipping
Registering precompiled user dll's ...
Registered in 0.001304 seconds.
Begin MonoManager ReloadAssembly
Native extension for WindowsStandalone target not found
Refreshing native plugins compatible for Editor in 0.45 ms, found 0 plugins.
Preloading 0 native plugins for Editor in 0.00 ms.
Invoked RoslynAnalysisRunner static constructor.
RoslynAnalysisRunner will not be running.
RoslynAnalysisRunner has terminated.
Mono: successfully reloaded assembly
- Completed reload, in  1.292 seconds
Platform modules already initialized, skipping
========================================================================
Worker process is ready to serve import requests
Launched and connected shader compiler UnityShaderCompiler.exe after 0.02 seconds
Refreshing native plugins compatible for Editor in 0.45 ms, found 0 plugins.
Preloading 0 native plugins for Editor in 0.00 ms.
Unloading 2324 Unused Serialized files (Serialized files now loaded: 0)
System memory in use before: 124.3 MB.
System memory in use after: 124.5 MB.

Unloading 76 unused Assets to reduce memory usage. Loaded Objects now: 2765.
Total: 2.698321 ms (FindLiveObjects: 0.256858 ms CreateObjectMapping: 0.157504 ms MarkObjects: 2.093726 ms  DeleteObjects: 0.189064 ms)

========================================================================
Received Import Request.
  path: Assets/Main/World
  artifactKey: Guid(f87d8fd1a2e12e74baee8d18dd7dd9ed) Importer(815301076,1909f56bfc062723c751e8b465ee728b)
Start importing Assets/Main/World using Guid(f87d8fd1a2e12e74baee8d18dd7dd9ed) Importer(815301076,1909f56bfc062723c751e8b465ee728b)  -> (artifact id: '37adcd257387185e2a7a53931a7dd709') in 0.007216 seconds
  Import took 0.011247 seconds .

========================================================================
Received Import Request.
  Time since last request: 0.000295 seconds.
  path: Assets/Main/World/Astronomy/Editor/64bleat.Astronomy.Editor.asmdef
  artifactKey: Guid(4b30235f3b6a3a943bea9e461f0c85f1) Importer(815301076,1909f56bfc062723c751e8b465ee728b)
Start importing Assets/Main/World/Astronomy/Editor/64bleat.Astronomy.Editor.asmdef using Guid(4b30235f3b6a3a943bea9e461f0c85f1) Importer(815301076,1909f56bfc062723c751e8b465ee728b)  -> (artifact id: '66e042ccd1a817d82ba666bdded1a10d') in 0.030814 seconds
  Import took 0.034134 seconds .

========================================================================
Received Import Request.
  Time since last request: 0.000781 seconds.
  path: Assets/Main/World/Astronomy/Runtime/64bleat.Astronomy.Runtime.asmdef
  artifactKey: Guid(491aff4e1affc0243affa1a0d6a8a804) Importer(815301076,1909f56bfc062723c751e8b465ee728b)
Start importing Assets/Main/World/Astronomy/Runtime/64bleat.Astronomy.Runtime.asmdef using Guid(491aff4e1affc0243affa1a0d6a8a804) Importer(815301076,1909f56bfc062723c751e8b465ee728b)  -> (artifact id: 'e683ecaee2d0202792b2f6ca6197ae5a') in 0.001668 seconds
  Import took 0.005866 seconds .

========================================================================
Received Import Request.
  Time since last request: 0.000173 seconds.
  path: Assets/Main/World/Astronomy
  artifactKey: Guid(6a392f573f6608f4e992bf2f5e99c3b1) Importer(815301076,1909f56bfc062723c751e8b465ee728b)
Start importing Assets/Main/World/Astronomy using Guid(6a392f573f6608f4e992bf2f5e99c3b1) Importer(815301076,1909f56bfc062723c751e8b465ee728b)  -> (artifact id: 'f0c893ba286063e28b9435d9c9aa0b5d') in 0.002151 seconds
  Import took 0.005866 seconds .

========================================================================
Received Prepare
Refreshing native plugins compatible for Editor in 1.20 ms, found 0 plugins.
Preloading 0 native plugins for Editor in 0.00 ms.
Unloading 6 Unused Serialized files (Serialized files now loaded: 0)
System memory in use before: 73.6 MB.
System memory in use after: 73.8 MB.

Unloading 6 unused Assets to reduce memory usage. Loaded Objects now: 2765.
Total: 8.408219 ms (FindLiveObjects: 0.231143 ms CreateObjectMapping: 0.124192 ms MarkObjects: 8.035643 ms  DeleteObjects: 0.015780 ms)

========================================================================
Received Prepare
Registering precompiled user dll's ...
Registered in 0.001299 seconds.
Begin MonoManager ReloadAssembly
Native extension for WindowsStandalone target not found
Refreshing native plugins compatible for Editor in 0.42 ms, found 0 plugins.
Preloading 0 native plugins for Editor in 0.00 ms.
Invoked RoslynAnalysisRunner static constructor.
RoslynAnalysisRunner will not be running.
RoslynAnalysisRunner has terminated.
Mono: successfully reloaded assembly
- Completed reload, in  0.903 seconds
Platform modules already initialized, skipping
Refreshing native plugins compatible for Editor in 0.42 ms, found 0 plugins.
Preloading 0 native plugins for Editor in 0.00 ms.
Unloading 2225 Unused Serialized files (Serialized files now loaded: 0)
System memory in use before: 117.7 MB.
System memory in use after: 117.9 MB.

Unloading 71 unused Assets to reduce memory usage. Loaded Objects now: 2769.
Total: 2.579097 ms (FindLiveObjects: 0.238156 ms CreateObjectMapping: 0.124776 ms MarkObjects: 2.138143 ms  DeleteObjects: 0.076561 ms)

========================================================================
Received Prepare
Refreshing native plugins compatible for Editor in 1.15 ms, found 0 plugins.
Preloading 0 native plugins for Editor in 0.00 ms.
Unloading 6 Unused Serialized files (Serialized files now loaded: 0)
System memory in use before: 73.8 MB.
System memory in use after: 74.0 MB.

Unloading 6 unused Assets to reduce memory usage. Loaded Objects now: 2769.
Total: 1.984146 ms (FindLiveObjects: 0.203967 ms CreateObjectMapping: 0.092925 ms MarkObjects: 1.675858 ms  DeleteObjects: 0.010228 ms)

AssetImportWorkerClient::OnTransportError - code=2 error=End of file
